[debug] [2024-06-13T11:23:31.991Z] ----------------------------------------------------------------------
[debug] [2024-06-13T11:23:31.992Z] Command:       /opt/homebrew/Cellar/node@18/18.20.3/bin/node /opt/homebrew/bin/firebase login
[debug] [2024-06-13T11:23:31.992Z] CLI Version:   13.11.2
[debug] [2024-06-13T11:23:31.992Z] Platform:      darwin
[debug] [2024-06-13T11:23:31.993Z] Node Version:  v18.20.3
[debug] [2024-06-13T11:23:31.993Z] Time:          Thu Jun 13 2024 19:23:31 GMT+0800 (中国标准时间)
[debug] [2024-06-13T11:23:31.993Z] ----------------------------------------------------------------------
[debug] 
[debug] [2024-06-13T11:23:31.995Z] >>> [apiv2][query] GET https://firebase-public.firebaseio.com/cli.json [none]
[info] i  Firebase optionally collects CLI and Emulator Suite usage and error reporting information to help improve our products. Data is collected in accordance with Google's privacy policy (https://policies.google.com/privacy) and is not used to identify you.
 
[debug] [2024-06-13T11:23:33.001Z] <<< [apiv2][status] GET https://firebase-public.firebaseio.com/cli.json 200
[debug] [2024-06-13T11:23:33.002Z] <<< [apiv2][body] GET https://firebase-public.firebaseio.com/cli.json {"cloudBuildErrorAfter":1594252800000,"cloudBuildWarnAfter":1590019200000,"defaultNode10After":1594252800000,"minVersion":"3.0.5","node8DeploysDisabledAfter":1613390400000,"node8RuntimeDisabledAfter":1615809600000,"node8WarnAfter":1600128000000}
[info] i  To change your data collection preference at any time, run `firebase logout` and log in again. 
[info] 
[info] Visit this URL on this device to log in:
[info] https://accounts.google.com/o/oauth2/auth?client_id=563584335869-fgrhgmd47bqnekij5i8b5pr03ho849e6.apps.googleusercontent.com&scope=email%20openid%20https%3A%2F%2Fwww.googleapis.com%2Fauth%2Fcloudplatformprojects.readonly%20https%3A%2F%2Fwww.googleapis.com%2Fauth%2Ffirebase%20https%3A%2F%2Fwww.googleapis.com%2Fauth%2Fcloud-platform&response_type=code&state=641989407&redirect_uri=http%3A%2F%2Flocalhost%3A9005
[info] 
[info] Waiting for authentication...
[debug] [2024-06-13T11:24:09.977Z] >>> [apiv2][query] POST https://accounts.google.com/o/oauth2/token [none]
[debug] [2024-06-13T11:24:09.977Z] >>> [apiv2][body] POST https://accounts.google.com/o/oauth2/token [omitted]
[debug] [2024-06-13T11:25:25.026Z] *** [apiv2] error from fetch(https://accounts.google.com/o/oauth2/token, {"headers":{},"method":"POST","body":{"_overheadLength":543,"_valueLength":208,"_valuesToMeasure":[],"writable":false,"readable":true,"dataSize":0,"maxDataSize":2097152,"pauseStreams":true,"_released":true,"_streams":[],"_currentStream":null,"_insideLoop":false,"_pendingNext":false,"_boundary":"--------------------------120991165464389442479156","_events":{},"_eventsCount":1}}): FetchError: request to https://accounts.google.com/o/oauth2/token failed, reason: connect ETIMEDOUT 46.82.174.69:443
[debug] [2024-06-13T11:25:25.027Z] Token Fetch Error: FirebaseError: Failed to make request to https://accounts.google.com/o/oauth2/token
    at RetryOperation._fn (/opt/homebrew/lib/node_modules/firebase-tools/lib/apiv2.js:259:31)
    at process.processTicksAndRejections (node:internal/process/task_queues:95:5)
[debug] [2024-06-13T11:25:25.032Z] >>> [apiv2][query] POST https://auth.firebase.tools/attest [none]
[debug] [2024-06-13T11:25:25.033Z] >>> [apiv2][body] POST https://auth.firebase.tools/attest {"session_id":"e858274c-09b1-4c48-96db-0781e4ca1502"}
[debug] [2024-06-13T11:25:27.677Z] <<< [apiv2][status] POST https://auth.firebase.tools/attest 200
[debug] [2024-06-13T11:25:27.678Z] <<< [apiv2][body] POST https://auth.firebase.tools/attest {"token":"4s2B8-dVYFvWK1CqHGnbcAc7iu9qQZ5E3GmjQ0NQ0DI"}
[info] 
[info] To sign in to the Firebase CLI:
[info] 
[info] 1. Take note of your session ID:
[info] 
[info]    E8582
[info] 
[info] 2. Visit the URL below on any device and follow the instructions to get your code:
[info] 
[info]    https://auth.firebase.tools/login?code_challenge=G6Y3_Ce42WM-ZXJyaZcDLwql-aIKnDcP6u4eUAEhdXc&session=e858274c-09b1-4c48-96db-0781e4ca1502&attest=4s2B8-dVYFvWK1CqHGnbcAc7iu9qQZ5E3GmjQ0NQ0DI
[info] 
[info] 3. Paste or enter the authorization code below once you have it:
[info] 
